    Finished `dev` profile [unoptimized + debuginfo] target(s) in 0.09s
     Running `target/debug/worker`
[2m2025-12-20T06:42:00.612144Z[0m [32m INFO[0m [2mworker[0m[2m:[0m Starting Worker Node... [3mworker_id[0m[2m=[0m1d2cb734-de76-4af8-b6ff-f00441403fe5
[2m2025-12-20T06:42:00.612191Z[0m [32m INFO[0m [2mworker[0m[2m:[0m Configuration loaded [3mmaster_addr[0m[2m=[0mhttp://127.0.0.1:50051
[2m2025-12-20T06:42:00.612287Z[0m [32m INFO[0m [2mworker[0m[2m:[0m Docker connection established
[2m2025-12-20T06:42:00.675812Z[0m [32m INFO[0m [2mworker::grpc[0m[2m:[0m Connecting to Master... [3mmaster[0m[2m=[0mhttp://127.0.0.1:50051
[2m2025-12-20T06:42:00.677984Z[0m [32m INFO[0m [2mworker::grpc[0m[2m:[0m Sent registration to Master
[2m2025-12-20T06:42:08.524599Z[0m [32m INFO[0m [2mworker::grpc[0m[2m:[0m Received execute task [3mjob_id[0m[2m=[0m8b82af54-1459-41c7-a126-58eb8ba7c985 [3mbatch_id[0m[2m=[0mbatch_0 [3mtest_cases[0m[2m=[0m1
[2m2025-12-20T06:42:08.936338Z[0m [32m INFO[0m [2mworker::docker[0m[2m:[0m RAW RUNNER OUTPUT: [{"test_id":"0", "status":"OK", "exit_code":0, "stdout":"Hello World\n", "stderr":"", "time_ms":11, "memory_bytes":0}]
[2m2025-12-20T06:42:09.108651Z[0m [32m INFO[0m [2mworker::grpc[0m[2m:[0m Received execute task [3mjob_id[0m[2m=[0mb18fba4b-89d4-4a7f-98ee-287d687b09e2 [3mbatch_id[0m[2m=[0mbatch_0 [3mtest_cases[0m[2m=[0m1
[2m2025-12-20T06:42:09.590996Z[0m [32m INFO[0m [2mworker::docker[0m[2m:[0m RAW RUNNER OUTPUT: [{"test_id":"0", "status":"RE", "exit_code":1, "stdout":"", "stderr":"Traceback (most recent call last):\n  File \"/tmp/main.py\", line 1, in <module>\n    x = 1 / 0\n        ~~^~~\nZeroDivisionError: division by zero\n", "time_ms":143, "memory_bytes":0}]
[2m2025-12-20T06:42:09.771609Z[0m [32m INFO[0m [2mworker::grpc[0m[2m:[0m Received execute task [3mjob_id[0m[2m=[0m4bebe37f-fd36-47c8-ba13-6d9e11380375 [3mbatch_id[0m[2m=[0mbatch_0 [3mtest_cases[0m[2m=[0m1
[2m2025-12-20T06:42:12.099535Z[0m [32m INFO[0m [2mworker::docker[0m[2m:[0m RAW RUNNER OUTPUT: [{"test_id":"0", "status":"TLE", "exit_code":124, "stdout":"", "stderr":"", "time_ms":2001, "memory_bytes":0}]
[2m2025-12-20T06:42:12.278163Z[0m [32m INFO[0m [2mworker::grpc[0m[2m:[0m Received execute task [3mjob_id[0m[2m=[0m267ad88c-ad64-451c-a8da-088f19147c49 [3mbatch_id[0m[2m=[0mbatch_0 [3mtest_cases[0m[2m=[0m1
[2m2025-12-20T06:42:12.698691Z[0m [32m INFO[0m [2mworker::docker[0m[2m:[0m RAW RUNNER OUTPUT: [{"test_id":"0", "status":"OK", "exit_code":0, "stdout":"Hello World\n", "stderr":"", "time_ms":69, "memory_bytes":0}]
[2m2025-12-20T06:42:23.111135Z[0m [32m INFO[0m [2mworker::grpc[0m[2m:[0m Received execute task [3mjob_id[0m[2m=[0me1d3f15c-f793-483e-9b9a-d389703e756f [3mbatch_id[0m[2m=[0mbatch_0 [3mtest_cases[0m[2m=[0m1
[2m2025-12-20T06:42:23.490068Z[0m [32m INFO[0m [2mworker::docker[0m[2m:[0m RAW RUNNER OUTPUT: [{"test_id":"0", "status":"OK", "exit_code":0, "stdout":"Hello World\n", "stderr":"", "time_ms":13, "memory_bytes":0}]
[2m2025-12-20T06:42:23.668251Z[0m [32m INFO[0m [2mworker::grpc[0m[2m:[0m Received execute task [3mjob_id[0m[2m=[0mcd820f64-f575-4775-bc1f-35403bf53f54 [3mbatch_id[0m[2m=[0mbatch_0 [3mtest_cases[0m[2m=[0m1
[2m2025-12-20T06:42:24.177440Z[0m [32m INFO[0m [2mworker::docker[0m[2m:[0m RAW RUNNER OUTPUT: [{"test_id":"0", "status":"RE", "exit_code":1, "stdout":"", "stderr":"Traceback (most recent call last):\n  File \"/tmp/main.py\", line 1, in <module>\n    x = 1 / 0\n        ~~^~~\nZeroDivisionError: division by zero\n", "time_ms":156, "memory_bytes":0}]
[2m2025-12-20T06:42:24.380713Z[0m [32m INFO[0m [2mworker::grpc[0m[2m:[0m Received execute task [3mjob_id[0m[2m=[0m029887fb-f9aa-4f00-8b72-6fb532edccba [3mbatch_id[0m[2m=[0mbatch_0 [3mtest_cases[0m[2m=[0m1
[2m2025-12-20T06:42:26.739358Z[0m [32m INFO[0m [2mworker::docker[0m[2m:[0m RAW RUNNER OUTPUT: [{"test_id":"0", "status":"TLE", "exit_code":124, "stdout":"", "stderr":"", "time_ms":2000, "memory_bytes":0}]
[2m2025-12-20T06:42:26.919431Z[0m [32m INFO[0m [2mworker::grpc[0m[2m:[0m Received execute task [3mjob_id[0m[2m=[0me67286be-930f-492d-8ba7-9f711e1a232e [3mbatch_id[0m[2m=[0mbatch_0 [3mtest_cases[0m[2m=[0m1
[2m2025-12-20T06:42:27.269180Z[0m [32m INFO[0m [2mworker::docker[0m[2m:[0m RAW RUNNER OUTPUT: [{"test_id":"0", "status":"OK", "exit_code":0, "stdout":"Hello World\n", "stderr":"", "time_ms":18, "memory_bytes":0}]
[2m2025-12-20T06:42:27.434649Z[0m [32m INFO[0m [2mworker::grpc[0m[2m:[0m Received execute task [3mjob_id[0m[2m=[0m4f0aaa42-0b69-46e9-a6d5-df7de65271f8 [3mbatch_id[0m[2m=[0mbatch_0 [3mtest_cases[0m[2m=[0m1
[2m2025-12-20T06:42:27.801620Z[0m [32m INFO[0m [2mworker::docker[0m[2m:[0m RAW RUNNER OUTPUT: [{"test_id":"0", "status":"RE", "exit_code":1, "stdout":"", "stderr":"/tmp/main.js:1\nconsole.log(undefinedVariable.property);\n            ^\n\nReferenceError: undefinedVariable is not defined\n    at Object.<anonymous> (/tmp/main.js:1:13)\n    at Module._compile (node:internal/modules/cjs/loader:1760:14)\n    at Object..js (node:internal/modules/cjs/loader:1892:10)\n    at Module.load (node:internal/modules/cjs/loader:1480:32)\n    at Module._load (node:internal/modules/cjs/loader:1299:12)\n    at TracingChannel.traceSync (node:diagnostics_channel:328:14)\n    at wrapModuleLoad (node:internal/modules/cjs/loader:245:24)\n    at Module.executeUserEntryPoint [as runMain] (node:internal/modules/run_main:154:5)\n    at node:internal/main/run_main_module:33:47\n\nNode.js v25.2.1\n", "time_ms":20, "memory_bytes":0}]
[2m2025-12-20T06:42:27.971579Z[0m [32m INFO[0m [2mworker::grpc[0m[2m:[0m Received execute task [3mjob_id[0m[2m=[0ma3f88a02-f8ec-453f-99f9-768d6889b972 [3mbatch_id[0m[2m=[0mbatch_0 [3mtest_cases[0m[2m=[0m1
[2m2025-12-20T06:42:28.362062Z[0m [32m INFO[0m [2mworker::docker[0m[2m:[0m RAW RUNNER OUTPUT: [{"test_id":"0", "status":"OK", "exit_code":0, "stdout":"Hello World\n", "stderr":"", "time_ms":56, "memory_bytes":0}]
[2m2025-12-20T06:42:28.530664Z[0m [32m INFO[0m [2mworker::grpc[0m[2m:[0m Received compile task [3mjob_id[0m[2m=[0m5e5754c3-8aa5-4422-bb77-51eeb61df1d9 [3mlanguage[0m[2m=[0mc
[2m2025-12-20T06:42:29.143305Z[0m [32m INFO[0m [2mworker::grpc[0m[2m:[0m Received execute task [3mjob_id[0m[2m=[0m5e5754c3-8aa5-4422-bb77-51eeb61df1d9 [3mbatch_id[0m[2m=[0mbatch_1 [3mtest_cases[0m[2m=[0m1
[2m2025-12-20T06:42:29.492949Z[0m [32m INFO[0m [2mworker::docker[0m[2m:[0m RAW RUNNER OUTPUT: [{"test_id":"0", "status":"OK", "exit_code":0, "stdout":"Hello World\n", "stderr":"", "time_ms":1, "memory_bytes":0}]
[2m2025-12-20T06:42:29.656146Z[0m [32m INFO[0m [2mworker::grpc[0m[2m:[0m Received compile task [3mjob_id[0m[2m=[0mf09fd917-1a17-4360-9dbf-46525daaa816 [3mlanguage[0m[2m=[0mc
[2m2025-12-20T06:42:30.118551Z[0m [32m INFO[0m [2mworker::grpc[0m[2m:[0m Received compile task [3mjob_id[0m[2m=[0m4ebfe6e8-10c5-4cc7-b7f6-63ccfd0a7842 [3mlanguage[0m[2m=[0mc
[2m2025-12-20T06:42:30.632606Z[0m [32m INFO[0m [2mworker::grpc[0m[2m:[0m Received execute task [3mjob_id[0m[2m=[0m4ebfe6e8-10c5-4cc7-b7f6-63ccfd0a7842 [3mbatch_id[0m[2m=[0mbatch_1 [3mtest_cases[0m[2m=[0m1
[2m2025-12-20T06:42:31.036692Z[0m [32m INFO[0m [2mworker::docker[0m[2m:[0m RAW RUNNER OUTPUT: [{"test_id":"0", "status":"RE", "exit_code":139, "stdout":"", "stderr":"Segmentation fault (core dumped)\n", "time_ms":57, "memory_bytes":0}]
[2m2025-12-20T06:42:31.200864Z[0m [32m INFO[0m [2mworker::grpc[0m[2m:[0m Received compile task [3mjob_id[0m[2m=[0m0653f40c-7d82-4d23-a93a-02238cd499bb [3mlanguage[0m[2m=[0mcpp
[2m2025-12-20T06:42:31.973891Z[0m [32m INFO[0m [2mworker::grpc[0m[2m:[0m Received execute task [3mjob_id[0m[2m=[0m0653f40c-7d82-4d23-a93a-02238cd499bb [3mbatch_id[0m[2m=[0mbatch_1 [3mtest_cases[0m[2m=[0m1
[2m2025-12-20T06:42:32.348705Z[0m [32m INFO[0m [2mworker::docker[0m[2m:[0m RAW RUNNER OUTPUT: [{"test_id":"0", "status":"OK", "exit_code":0, "stdout":"Hello World\n", "stderr":"", "time_ms":1, "memory_bytes":0}]
[2m2025-12-20T06:42:32.520134Z[0m [32m INFO[0m [2mworker::grpc[0m[2m:[0m Received compile task [3mjob_id[0m[2m=[0m13c367d1-de63-43cd-9520-3d6ad73871cc [3mlanguage[0m[2m=[0mcpp
[2m2025-12-20T06:42:33.132265Z[0m [32m INFO[0m [2mworker::grpc[0m[2m:[0m Received compile task [3mjob_id[0m[2m=[0m0e3d0363-2880-4c58-b97b-472e823b8758 [3mlanguage[0m[2m=[0mrust
[2m2025-12-20T06:42:33.956829Z[0m [32m INFO[0m [2mworker::grpc[0m[2m:[0m Received execute task [3mjob_id[0m[2m=[0m0e3d0363-2880-4c58-b97b-472e823b8758 [3mbatch_id[0m[2m=[0mbatch_1 [3mtest_cases[0m[2m=[0m1
[2m2025-12-20T06:42:34.322668Z[0m [32m INFO[0m [2mworker::docker[0m[2m:[0m RAW RUNNER OUTPUT: [{"test_id":"0", "status":"OK", "exit_code":0, "stdout":"Hello World\n", "stderr":"", "time_ms":1, "memory_bytes":0}]
[2m2025-12-20T06:42:34.511583Z[0m [32m INFO[0m [2mworker::grpc[0m[2m:[0m Received compile task [3mjob_id[0m[2m=[0me04211e9-b32a-46c2-b401-f72d22919338 [3mlanguage[0m[2m=[0mrust
[2m2025-12-20T06:42:35.043559Z[0m [32m INFO[0m [2mworker::grpc[0m[2m:[0m Received compile task [3mjob_id[0m[2m=[0m32c1bc20-62ff-4b6b-a2ec-6750fe3cfcba [3mlanguage[0m[2m=[0mrust
[2m2025-12-20T06:42:35.661963Z[0m [32m INFO[0m [2mworker::grpc[0m[2m:[0m Received execute task [3mjob_id[0m[2m=[0m32c1bc20-62ff-4b6b-a2ec-6750fe3cfcba [3mbatch_id[0m[2m=[0mbatch_1 [3mtest_cases[0m[2m=[0m1
[2m2025-12-20T06:42:36.015608Z[0m [32m INFO[0m [2mworker::docker[0m[2m:[0m RAW RUNNER OUTPUT: [{"test_id":"0", "status":"RE", "exit_code":101, "stdout":"", "stderr":"\nthread 'main' (29) panicked at /tmp/main.rs:1:13:\nThis is a panic!\nnote: run with `RUST_BACKTRACE=1` environment variable to display a backtrace\n", "time_ms":1, "memory_bytes":0}]
[2m2025-12-20T06:42:36.191289Z[0m [32m INFO[0m [2mworker::grpc[0m[2m:[0m Received compile task [3mjob_id[0m[2m=[0mb30ef76e-7d66-4d34-a48c-e3b7ffb10fc0 [3mlanguage[0m[2m=[0mgo
[2m2025-12-20T06:42:39.889242Z[0m [32m INFO[0m [2mworker::grpc[0m[2m:[0m Received execute task [3mjob_id[0m[2m=[0mb30ef76e-7d66-4d34-a48c-e3b7ffb10fc0 [3mbatch_id[0m[2m=[0mbatch_1 [3mtest_cases[0m[2m=[0m1
[2m2025-12-20T06:42:40.272082Z[0m [32m INFO[0m [2mworker::docker[0m[2m:[0m RAW RUNNER OUTPUT: [{"test_id":"0", "status":"OK", "exit_code":0, "stdout":"Hello World\n", "stderr":"", "time_ms":2, "memory_bytes":0}]
[2m2025-12-20T06:42:40.443039Z[0m [32m INFO[0m [2mworker::grpc[0m[2m:[0m Received compile task [3mjob_id[0m[2m=[0mbf31d174-8804-445c-b5cc-122c7f14c7b8 [3mlanguage[0m[2m=[0mgo
[2m2025-12-20T06:42:42.612303Z[0m [32m INFO[0m [2mworker::grpc[0m[2m:[0m Received compile task [3mjob_id[0m[2m=[0m9cd3370d-de93-4b6c-b1a1-d16609b6f7d3 [3mlanguage[0m[2m=[0mjava
[2m2025-12-20T06:42:43.451436Z[0m [32m INFO[0m [2mworker::grpc[0m[2m:[0m Received execute task [3mjob_id[0m[2m=[0m9cd3370d-de93-4b6c-b1a1-d16609b6f7d3 [3mbatch_id[0m[2m=[0mbatch_1 [3mtest_cases[0m[2m=[0m1
[2m2025-12-20T06:42:43.824236Z[0m [32m INFO[0m [2mworker::docker[0m[2m:[0m RAW RUNNER OUTPUT: [{"test_id":"0", "status":"OK", "exit_code":0, "stdout":"Hello World\n", "stderr":"", "time_ms":19, "memory_bytes":0}]
[2m2025-12-20T06:42:43.991254Z[0m [32m INFO[0m [2mworker::grpc[0m[2m:[0m Received compile task [3mjob_id[0m[2m=[0m284e7d88-1fab-4181-8b7d-ae0c40e1d629 [3mlanguage[0m[2m=[0mjava
[2m2025-12-20T06:42:44.664237Z[0m [32m INFO[0m [2mworker::grpc[0m[2m:[0m Received compile task [3mjob_id[0m[2m=[0meec00710-c31d-4767-b7cb-71c278028e9e [3mlanguage[0m[2m=[0mjava
[2m2025-12-20T06:42:45.370121Z[0m [32m INFO[0m [2mworker::grpc[0m[2m:[0m Received execute task [3mjob_id[0m[2m=[0meec00710-c31d-4767-b7cb-71c278028e9e [3mbatch_id[0m[2m=[0mbatch_1 [3mtest_cases[0m[2m=[0m1
[2m2025-12-20T06:42:45.742292Z[0m [32m INFO[0m [2mworker::docker[0m[2m:[0m RAW RUNNER OUTPUT: [{"test_id":"0", "status":"RE", "exit_code":1, "stdout":"", "stderr":"Exception in thread \"main\" java.lang.NullPointerException: Cannot invoke \"String.length()\" because \"<local1>\" is null\n\tat Main.main(Main.java:1)\n", "time_ms":19, "memory_bytes":0}]
[2m2025-12-20T06:42:45.913662Z[0m [32m INFO[0m [2mworker::grpc[0m[2m:[0m Received execute task [3mjob_id[0m[2m=[0m0ad0e630-a7ee-494c-a150-7f2069e31083 [3mbatch_id[0m[2m=[0mbatch_0 [3mtest_cases[0m[2m=[0m1
[2m2025-12-20T06:42:46.331312Z[0m [32m INFO[0m [2mworker::docker[0m[2m:[0m RAW RUNNER OUTPUT: [{"test_id":"0", "status":"MLE", "exit_code":137, "stdout":"", "stderr":"Killed\n", "time_ms":66, "memory_bytes":0}]
[2m2025-12-20T06:42:46.505311Z[0m [32m INFO[0m [2mworker::grpc[0m[2m:[0m Received execute task [3mjob_id[0m[2m=[0m663115c2-f19a-405c-b7aa-5662a37b12ac [3mbatch_id[0m[2m=[0mbatch_0 [3mtest_cases[0m[2m=[0m3
[2m2025-12-20T06:42:46.865202Z[0m [32m INFO[0m [2mworker::docker[0m[2m:[0m RAW RUNNER OUTPUT: [{"test_id":"0", "status":"OK", "exit_code":0, "stdout":"10\n", "stderr":"", "time_ms":11, "memory_bytes":0},{"test_id":"1", "status":"OK", "exit_code":0, "stdout":"20\n", "stderr":"", "time_ms":11, "memory_bytes":0},{"test_id":"2", "status":"OK", "exit_code":0, "stdout":"200\n", "stderr":"", "time_ms":9, "memory_bytes":0}]
[2m2025-12-20T06:45:30.271843Z[0m [31mERROR[0m [2mworker::grpc[0m[2m:[0m Connection error: status: Unknown, message: "h2 protocol error: error reading a body from connection", details: [], metadata: MetadataMap { headers: {} }
[2m2025-12-20T06:45:30.271914Z[0m [33m WARN[0m [2mworker::grpc[0m[2m:[0m Reconnecting in 2 seconds... [3mdelay_secs[0m[2m=[0m2
[2m2025-12-20T06:45:32.566856Z[0m [32m INFO[0m [2mworker::grpc[0m[2m:[0m Connecting to Master... [3mmaster[0m[2m=[0mhttp://127.0.0.1:50051
[2m2025-12-20T06:45:32.567106Z[0m [31mERROR[0m [2mworker::grpc[0m[2m:[0m Connection error: transport error
[2m2025-12-20T06:45:32.567127Z[0m [33m WARN[0m [2mworker::grpc[0m[2m:[0m Reconnecting in 4 seconds... [3mdelay_secs[0m[2m=[0m4
