   Compiling worker v0.1.0 (/home/harshu/Projects/turbo-v2/worker)
    Finished `dev` profile [unoptimized + debuginfo] target(s) in 0.47s
     Running `target/debug/worker`
[2m2025-12-20T06:11:25.665072Z[0m [32m INFO[0m [2mworker[0m[2m:[0m Starting Worker Node... [3mworker_id[0m[2m=[0m6646dd89-c66e-45cd-8045-41a6db445766
[2m2025-12-20T06:11:25.665114Z[0m [32m INFO[0m [2mworker[0m[2m:[0m Configuration loaded [3mmaster_addr[0m[2m=[0mhttp://127.0.0.1:50051
[2m2025-12-20T06:11:25.665375Z[0m [32m INFO[0m [2mworker::docker[0m[2m:[0m Compiling turbo_runner...
warning: unused import: `Read`
 --> /tmp/runner.rs:3:22
  |
3 | use std::io::{Write, Read};
  |                      ^^^^
  |
  = note: `#[warn(unused_imports)]` (part of `#[warn(unused)]`) on by default

warning: 1 warning emitted

[2m2025-12-20T06:11:25.902382Z[0m [32m INFO[0m [2mworker::docker[0m[2m:[0m turbo_runner compiled successfully
[2m2025-12-20T06:11:25.902478Z[0m [32m INFO[0m [2mworker[0m[2m:[0m Docker connection established
[2m2025-12-20T06:11:25.981089Z[0m [32m INFO[0m [2mworker::grpc[0m[2m:[0m Connecting to Master... [3mmaster[0m[2m=[0mhttp://127.0.0.1:50051
[2m2025-12-20T06:11:25.982827Z[0m [32m INFO[0m [2mworker::grpc[0m[2m:[0m Sent registration to Master
[2m2025-12-20T06:11:30.189403Z[0m [32m INFO[0m [2mworker::grpc[0m[2m:[0m Received execute task [3mjob_id[0m[2m=[0m959d896f-bee4-46d8-b3cb-514066d64f09 [3mbatch_id[0m[2m=[0mbatch_0 [3mtest_cases[0m[2m=[0m1
[2m2025-12-20T06:11:30.624629Z[0m [32m INFO[0m [2mworker::docker[0m[2m:[0m RAW RUNNER OUTPUT: DEBUG_RUNNER: cmd='python /tmp/main.py', exit_code=0, stderr='', stdout='Hello World\n'
[{"test_id":"0", "status":"OK", "exit_code":0, "stdout":"Hello World\n", "stderr":"", "time_ms":12, "memory_bytes":0}]
[2m2025-12-20T06:11:30.796249Z[0m [32m INFO[0m [2mworker::grpc[0m[2m:[0m Received execute task [3mjob_id[0m[2m=[0ma8fc430e-5c58-455f-a256-d0c3d86f939b [3mbatch_id[0m[2m=[0mbatch_0 [3mtest_cases[0m[2m=[0m1
[2m2025-12-20T06:11:31.270425Z[0m [32m INFO[0m [2mworker::docker[0m[2m:[0m RAW RUNNER OUTPUT: [{"test_id":"0", "status":"RE", "exit_code":1, "stdout":"", "stderr":"Traceback (most recent call last):\n  File \"/tmp/main.py\", line 1, in <module>\n    x = 1 / 0\n        ~~^~~\nZeroDivisionError: division by zero\n", "time_ms":134, "memory_bytes":0}]DEBUG_RUNNER: cmd='python /tmp/main.py', exit_code=1, stderr='Traceback (most recent call last):\n  File \"/tmp/main.py\", line 1, in <module>\n    x = 1 / 0\n        ~~^~~\nZeroDivisionError: division by zero\n', stdout=''

